[1m[34m[ 1/13] index.qmd[39m[22m
[1m[34m[ 2/13] notebooks/01b_DAA_marker_check.qmd[39m[22m
[1m[34m[ 3/13] notebooks/05_gfap_correlation.qmd[39m[22m
[1m[34m[ 4/13] notebooks/03_DE_plots.qmd[39m[22m
[1m[34m[ 5/13] notebooks/04_gsea.qmd[39m[22m
[1m[34m[ 6/13] notebooks/08_PPI.qmd[39m[22m
[1m[34m[ 7/13] notebooks/10_ab_correlation.qmd[39m[22m
[31m

processing file: 10_ab_correlation.qmd
[39m1/25                   
2/25 [unnamed-chunk-1] 
3/25                   
4/25 [unnamed-chunk-2] 
5/25                   
6/25 [unnamed-chunk-3] 
7/25                   
8/25 [unnamed-chunk-4] 
9/25                   
10/25 [unnamed-chunk-5] 
11/25                   
12/25 [unnamed-chunk-6] 
13/25                   
14/25 [unnamed-chunk-7] 
15/25                   
16/25 [unnamed-chunk-8] 
17/25                   
18/25 [unnamed-chunk-9] 
19/25                   
20/25 [unnamed-chunk-10]
21/25                   
22/25 [unnamed-chunk-11]
23/25                   
24/25 [unnamed-chunk-12]
25/25                   
[31moutput file: 10_ab_correlation.knit.md

[39m[31mWarning message:
ggrepel: 22 unlabeled data points (too many overlaps). Consider increasing max.overlaps 
[39m[1m[34m[ 8/13] notebooks/06c_variance_diagnostics.qmd[39m[22m
[1m[34m[ 9/13] notebooks/06_msstats_limma_correlation.qmd[39m[22m
[1m[34m[10/13] notebooks/07_cell_interactions.qmd[39m[22m
[1m[34m[11/13] notebooks/06b_msstats_exclusive_DE_protein_boxplots.qmd[39m[22m
[1m[34m[12/13] notebooks/09_tripartite_astrocyte.qmd[39m[22m
[1m[34m[13/13] notebooks/01a_initial_qc_spectronaut.qmd[39m[22m

Output created: docs/index.html

