[1m[34m[ 1/10] index.qmd[39m[22m
[1m[34m[ 2/10] notebooks/01b_DAA_marker_check.qmd[39m[22m
[1m[34m[ 3/10] notebooks/05_gfap_correlation.qmd[39m[22m
[1m[34m[ 4/10] notebooks/03_DE_plots.qmd[39m[22m
[1m[34m[ 5/10] notebooks/04_gsea.qmd[39m[22m
[1m[34m[ 6/10] notebooks/08_PPI.qmd[39m[22m
[1m[34m[ 7/10] notebooks/06_msstats_limma_correlation.qmd[39m[22m
[1m[34m[ 8/10] notebooks/07_cell_interactions.qmd[39m[22m
[1m[34m[ 9/10] notebooks/06b_msstats_exclusive_DE_protein_boxplots.qmd[39m[22m
[31m

processing file: 06b_msstats_exclusive_DE_protein_boxplots.qmd
[39m1/34                   
2/34 [unnamed-chunk-1] 
3/34                   
4/34 [unnamed-chunk-2] 
5/34                   
6/34 [unnamed-chunk-3] 
7/34                   
8/34 [unnamed-chunk-4] 
9/34                   
10/34 [unnamed-chunk-5] 
11/34                   
12/34 [unnamed-chunk-6] 
13/34                   
14/34 [unnamed-chunk-7] 
15/34                   
16/34 [unnamed-chunk-8] 
17/34                   
18/34 [unnamed-chunk-9] 
19/34                   
20/34 [unnamed-chunk-10]
21/34                   
22/34 [unnamed-chunk-11]
23/34                   
24/34 [unnamed-chunk-12]
25/34                   
26/34 [unnamed-chunk-13]
27/34                   
28/34 [unnamed-chunk-14]
29/34                   
30/34 [unnamed-chunk-15]
31/34                   
32/34 [unnamed-chunk-16]
33/34                   
34/34 [unnamed-chunk-17]
[31moutput file: 06b_msstats_exclusive_DE_protein_boxplots.knit.md

[39m[1m[34m[10/10] notebooks/01a_initial_qc_spectronaut.qmd[39m[22m

Output created: docs/index.html

