[1m[34m[1/8] index.qmd[39m[22m
[1m[34m[2/8] notebooks/01b_DAA_marker_check.qmd[39m[22m
[1m[34m[3/8] notebooks/05_gfap_correlation.qmd[39m[22m
[1m[34m[4/8] notebooks/04_gsea.qmd[39m[22m
[1m[34m[5/8] notebooks/03_DE_plots.qmd[39m[22m
[1m[34m[6/8] notebooks/06_msstats_limma_correlation.qmd[39m[22m
[1m[34m[7/8] notebooks/07_cell_interactions.qmd[39m[22m
[31m

processing file: 07_cell_interactions.qmd
[39m1/31                   
2/31 [unnamed-chunk-1] 
3/31                   
4/31 [unnamed-chunk-2] 
5/31                   
6/31 [unnamed-chunk-3] 
[31m[2026-03-19 11:17:42] [SUCCESS] [OmnipathR] Loaded 139054 interactions from cache.
[39m[31m[2026-03-19 11:17:42] [SUCCESS] [OmnipathR] Loaded 15663 intercellular communication role records from cache.
[39m[31m[2026-03-19 11:17:42] [SUCCESS] [OmnipathR] Loaded 35316 intercellular communication role records from cache.
[39m7/31                   
8/31 [unnamed-chunk-4] 
9/31                   
10/31 [unnamed-chunk-5] 
11/31                   
12/31 [unnamed-chunk-6] 
13/31                   
14/31 [unnamed-chunk-7] 
15/31                   
16/31 [unnamed-chunk-8] 
17/31                   
18/31 [unnamed-chunk-9] 
19/31                   
20/31 [unnamed-chunk-10]
21/31                   
22/31 [unnamed-chunk-11]
23/31                   
24/31 [unnamed-chunk-12]
25/31                   
26/31 [unnamed-chunk-13]
27/31                   
28/31 [unnamed-chunk-14]
29/31                   
30/31 [unnamed-chunk-15]
31/31                   
[31moutput file: 07_cell_interactions.knit.md

[39m[1m[34m[8/8] notebooks/01a_initial_qc_spectronaut.qmd[39m[22m

Output created: docs/index.html

