[1m[34m[ 1/10] index.qmd[39m[22m
[1m[34m[ 2/10] notebooks/01b_DAA_marker_check.qmd[39m[22m
[1m[34m[ 3/10] notebooks/05_gfap_correlation.qmd[39m[22m
[1m[34m[ 4/10] notebooks/03_DE_plots.qmd[39m[22m
[1m[34m[ 5/10] notebooks/04_gsea.qmd[39m[22m
[1m[34m[ 6/10] notebooks/08_PPI.qmd[39m[22m
[1m[34m[ 7/10] notebooks/06_msstats_limma_correlation.qmd[39m[22m
[1m[34m[ 8/10] notebooks/07_cell_interactions.qmd[39m[22m
[1m[34m[ 9/10] notebooks/06b_msstats_exclusive_DE_protein_boxplots.qmd[39m[22m
[31m

processing file: 06b_msstats_exclusive_DE_protein_boxplots.qmd
[39m1/36                   
2/36 [unnamed-chunk-1] 
3/36                   
4/36 [unnamed-chunk-2] 
5/36                   
6/36 [unnamed-chunk-3] 
7/36                   
8/36 [unnamed-chunk-4] 
9/36                   
10/36 [unnamed-chunk-5] 
11/36                   
12/36 [unnamed-chunk-6] 
13/36                   
14/36 [unnamed-chunk-7] 
15/36                   
16/36 [unnamed-chunk-8] 
17/36                   
18/36 [unnamed-chunk-9] 
19/36                   
20/36 [unnamed-chunk-10]
21/36                   
22/36 [unnamed-chunk-11]
23/36                   
24/36 [unnamed-chunk-12]
25/36                   
26/36 [unnamed-chunk-13]
27/36                   
28/36 [unnamed-chunk-14]
29/36                   
30/36 [unnamed-chunk-15]
31/36                   
32/36 [unnamed-chunk-16]
33/36                   
34/36 [unnamed-chunk-17]
35/36                   
36/36 [unnamed-chunk-18]
[31moutput file: 06b_msstats_exclusive_DE_protein_boxplots.knit.md

[39m[1m[34m[10/10] notebooks/01a_initial_qc_spectronaut.qmd[39m[22m

Output created: docs/index.html

