[1m[34m[1/8] index.qmd[39m[22m
[1m[34m[2/8] notebooks/01b_DAA_marker_check.qmd[39m[22m
[31m

processing file: 01b_DAA_marker_check.qmd
[39m1/13                  
2/13 [unnamed-chunk-1]
3/13                  
4/13 [unnamed-chunk-2]
5/13                  
6/13 [unnamed-chunk-3]
7/13                  
8/13 [unnamed-chunk-4]
9/13                  
10/13 [unnamed-chunk-5]
11/13                  
12/13 [unnamed-chunk-6]
13/13                  
[31moutput file: 01b_DAA_marker_check.knit.md

[39m[1m[34m[3/8] notebooks/05_gfap_correlation.qmd[39m[22m
[31m

processing file: 05_gfap_correlation.qmd
[39m1/13                  
2/13 [unnamed-chunk-1]
3/13                  
4/13 [unnamed-chunk-2]
5/13                  
6/13 [unnamed-chunk-3]
7/13                  
8/13 [unnamed-chunk-4]
9/13                  
10/13 [unnamed-chunk-5]
11/13                  
12/13 [unnamed-chunk-6]
13/13                  
[31moutput file: 05_gfap_correlation.knit.md

[39m[1m[34m[4/8] notebooks/04_gsea.qmd[39m[22m
[31m

processing file: 04_gsea.qmd
[39m1/15                  
2/15 [unnamed-chunk-1]
3/15                  
4/15 [unnamed-chunk-2]
5/15                  
6/15 [unnamed-chunk-3]
7/15                  
8/15 [unnamed-chunk-4]
9/15                  
10/15 [unnamed-chunk-5]
11/15                  
12/15 [unnamed-chunk-6]
13/15                  
14/15 [unnamed-chunk-7]
15/15                  
[31moutput file: 04_gsea.knit.md

[39m[1m[34m[5/8] notebooks/03_DE_plots.qmd[39m[22m
[31m

processing file: 03_DE_plots.qmd
[39m1/17                  
2/17 [setup]          
3/17                  
4/17 [unnamed-chunk-1]
5/17                  
6/17 [unnamed-chunk-2]
7/17                  
8/17 [unnamed-chunk-3]
9/17                  
10/17 [unnamed-chunk-4]
11/17                  
12/17 [unnamed-chunk-5]
13/17                  
14/17 [unnamed-chunk-6]
15/17                  
16/17 [unnamed-chunk-7]
17/17                  
[31moutput file: 03_DE_plots.knit.md

[39m[1m[34m[6/8] notebooks/07_cell_interactions.qmd[39m[22m
[31m

processing file: 07_cell_interactions.qmd
[39m1/19                  
2/19 [unnamed-chunk-1]
3/19                  
4/19 [unnamed-chunk-2]
5/19                  
6/19 [unnamed-chunk-3]
[31m[2026-03-13 18:02:11] [SUCCESS] [OmnipathR] Loaded 139054 interactions from cache.
[39m[31m[2026-03-13 18:02:12] [SUCCESS] [OmnipathR] Loaded 15663 intercellular communication role records from cache.
[39m[31m[2026-03-13 18:02:12] [SUCCESS] [OmnipathR] Loaded 35316 intercellular communication role records from cache.
[39m7/19                  
8/19 [unnamed-chunk-4]
9/19                  
10/19 [unnamed-chunk-5]
11/19                  
12/19 [unnamed-chunk-6]
13/19                  
14/19 [unnamed-chunk-7]
15/19                  
16/19 [unnamed-chunk-8]
17/19                  
18/19 [unnamed-chunk-9]
19/19                  
[31moutput file: 07_cell_interactions.knit.md

[39m[1m[34m[7/8] notebooks/06_msstats_limma_correlation.qmd[39m[22m
[31m

processing file: 06_msstats_limma_correlation.qmd
[39m1/31                   
2/31 [unnamed-chunk-1] 
3/31                   
4/31 [unnamed-chunk-2] 
5/31                   
6/31 [unnamed-chunk-3] 
7/31                   
8/31 [unnamed-chunk-4] 
9/31                   
10/31 [unnamed-chunk-5] 
11/31                   
12/31 [unnamed-chunk-6] 
13/31                   
14/31 [unnamed-chunk-7] 
15/31                   
16/31 [unnamed-chunk-8] 
17/31                   
18/31 [unnamed-chunk-9] 
19/31                   
20/31 [unnamed-chunk-10]
21/31                   
22/31 [unnamed-chunk-11]
23/31                   
24/31 [unnamed-chunk-12]
25/31                   
26/31 [unnamed-chunk-13]
27/31                   
28/31 [unnamed-chunk-14]
29/31                   
30/31 [unnamed-chunk-15]
31/31                   
[31moutput file: 06_msstats_limma_correlation.knit.md

[39m[1m[34m[8/8] notebooks/01a_initial_qc_spectronaut.qmd[39m[22m
[31m

processing file: 01a_initial_qc_spectronaut.qmd
[39m1/57                   
2/57 [setup]           
3/57                   
4/57 [unnamed-chunk-1] 
5/57                   
6/57 [unnamed-chunk-2] 
7/57                   
8/57 [unnamed-chunk-3] 
9/57                   
10/57 [unnamed-chunk-4] 
11/57                   
12/57 [unnamed-chunk-5] 
13/57                   
14/57 [unnamed-chunk-6] 
15/57                   
16/57 [unnamed-chunk-7] 
17/57                   
18/57 [unnamed-chunk-8] 
19/57                   
20/57 [unnamed-chunk-9] 
21/57                   
22/57 [unnamed-chunk-10]
23/57                   
24/57 [unnamed-chunk-11]
25/57                   
26/57 [unnamed-chunk-12]
27/57                   
28/57 [unnamed-chunk-13]
29/57                   
30/57 [unnamed-chunk-14]
31/57                   
32/57 [unnamed-chunk-15]
33/57                   
34/57 [unnamed-chunk-16]
35/57                   
36/57 [unnamed-chunk-17]
37/57                   
38/57 [unnamed-chunk-18]
39/57                   
40/57 [unnamed-chunk-19]
41/57                   
42/57 [unnamed-chunk-20]
43/57                   
44/57 [unnamed-chunk-21]
45/57                   
46/57 [unnamed-chunk-22]
47/57                   
48/57 [unnamed-chunk-23]
49/57                   
50/57 [unnamed-chunk-24]
51/57                   
52/57 [unnamed-chunk-25]
53/57                   
54/57 [unnamed-chunk-26]
55/57                   
56/57 [unnamed-chunk-27]
57/57                   
[31moutput file: 01a_initial_qc_spectronaut.knit.md

[39m
Output created: docs/index.html

