[1m[34m[ 1/12] index.qmd[39m[22m
[1m[34m[ 2/12] notebooks/01b_DAA_marker_check.qmd[39m[22m
[1m[34m[ 3/12] notebooks/05_gfap_correlation.qmd[39m[22m
[1m[34m[ 4/12] notebooks/03_DE_plots.qmd[39m[22m
[1m[34m[ 5/12] notebooks/04_gsea.qmd[39m[22m
[1m[34m[ 6/12] notebooks/08_PPI.qmd[39m[22m
[1m[34m[ 7/12] notebooks/06c_variance_diagnostics.qmd[39m[22m
[1m[34m[ 8/12] notebooks/06_msstats_limma_correlation.qmd[39m[22m
[1m[34m[ 9/12] notebooks/07_cell_interactions.qmd[39m[22m
[1m[34m[10/12] notebooks/06b_msstats_exclusive_DE_protein_boxplots.qmd[39m[22m
[1m[34m[11/12] notebooks/09_tripartite_astrocyte.qmd[39m[22m
[31m

processing file: 09_tripartite_astrocyte.qmd
[39m1/49                   
2/49 [unnamed-chunk-1] 
3/49                   
4/49 [unnamed-chunk-2] 
5/49                   
6/49 [unnamed-chunk-3] 
7/49                   
8/49 [unnamed-chunk-4] 
9/49                   
10/49 [unnamed-chunk-5] 
11/49                   
12/49 [unnamed-chunk-6] 
13/49                   
14/49 [unnamed-chunk-7] 
15/49                   
16/49 [unnamed-chunk-8] 
17/49                   
18/49 [unnamed-chunk-9] 
19/49                   
20/49 [unnamed-chunk-10]
21/49                   
22/49 [unnamed-chunk-11]
23/49                   
24/49 [unnamed-chunk-12]
25/49                   
26/49 [unnamed-chunk-13]
27/49                   
28/49 [unnamed-chunk-14]
29/49                   
30/49 [unnamed-chunk-15]
31/49                   
32/49 [unnamed-chunk-16]
33/49                   
34/49 [unnamed-chunk-17]
35/49                   
36/49 [unnamed-chunk-18]
37/49                   
38/49 [unnamed-chunk-19]
39/49                   
40/49 [unnamed-chunk-20]
41/49                   
42/49 [unnamed-chunk-21]
43/49                   
44/49 [unnamed-chunk-22]
45/49                   
46/49 [unnamed-chunk-23]
47/49                   
48/49 [unnamed-chunk-24]
49/49                   
[31moutput file: 09_tripartite_astrocyte.knit.md

[39m[1m[34m[12/12] notebooks/01a_initial_qc_spectronaut.qmd[39m[22m

Output created: docs/index.html

