[1m[34m[1/7] index.qmd[39m[22m
[1m[34m[2/7] notebooks/05_gfap_correlation.qmd[39m[22m
[31m

processing file: 05_gfap_correlation.qmd
[39m1/9                  
2/9 [unnamed-chunk-1]
3/9                  
4/9 [unnamed-chunk-2]
5/9                  
6/9 [unnamed-chunk-3]
7/9                  
8/9 [unnamed-chunk-4]
9/9                  
[31moutput file: 05_gfap_correlation.knit.md

[39m[1m[34m[3/7] notebooks/01b_DAA_marker_check.qmd[39m[22m
[31m

processing file: 01b_DAA_marker_check.qmd
[39m1/11                  
2/11 [unnamed-chunk-1]
3/11                  
4/11 [unnamed-chunk-2]
5/11                  
6/11 [unnamed-chunk-3]
7/11                  
8/11 [unnamed-chunk-4]
9/11                  
10/11 [unnamed-chunk-5]
11/11                  
[31moutput file: 01b_DAA_marker_check.knit.md

[39m[1m[34m[4/7] notebooks/04_gsea.qmd[39m[22m
[31m

processing file: 04_gsea.qmd
[39m1/15                  
2/15 [unnamed-chunk-1]
3/15                  
4/15 [unnamed-chunk-2]
5/15                  
6/15 [unnamed-chunk-3]
7/15                  
8/15 [unnamed-chunk-4]
9/15                  
10/15 [unnamed-chunk-5]
11/15                  
12/15 [unnamed-chunk-6]
13/15                  
14/15 [unnamed-chunk-7]
15/15                  
[31moutput file: 04_gsea.knit.md

[39m[1m[34m[5/7] notebooks/03_DE_plots.qmd[39m[22m
[31m

processing file: 03_DE_plots.qmd
[39m1/17                  
2/17 [setup]          
3/17                  
4/17 [unnamed-chunk-1]
5/17                  
6/17 [unnamed-chunk-2]
7/17                  
8/17 [unnamed-chunk-3]
9/17                  
10/17 [unnamed-chunk-4]
11/17                  
12/17 [unnamed-chunk-5]
13/17                  
14/17 [unnamed-chunk-6]
15/17                  
16/17 [unnamed-chunk-7]
17/17                  
[31moutput file: 03_DE_plots.knit.md

[39m[1m[34m[6/7] notebooks/02_msstats.qmd[39m[22m
[31m

processing file: 02_msstats.qmd
[39m1/29                   
2/29 [setup]           
3/29                   
4/29 [unnamed-chunk-1] 
5/29                   
6/29 [unnamed-chunk-2] 
7/29                   
8/29 [unnamed-chunk-3] 
9/29                   
10/29 [unnamed-chunk-4] 
11/29                   
12/29 [unnamed-chunk-5] 
13/29                   
14/29 [unnamed-chunk-6] 
15/29                   
16/29 [unnamed-chunk-7] 
17/29                   
18/29 [unnamed-chunk-8] 
19/29                   
20/29 [unnamed-chunk-9] 
21/29                   
22/29 [unnamed-chunk-10]
slurmstepd: error: *** JOB 43040859 ON cn032 CANCELLED AT 2026-03-02T09:40:28 ***
