[1m[34m[1/9] index.qmd[39m[22m
[1m[34m[2/9] notebooks/01b_DAA_marker_check.qmd[39m[22m
[1m[34m[3/9] notebooks/05_gfap_correlation.qmd[39m[22m
[1m[34m[4/9] notebooks/04_gsea.qmd[39m[22m
[1m[34m[5/9] notebooks/03_DE_plots.qmd[39m[22m
[1m[34m[6/9] notebooks/08_PPI.qmd[39m[22m
[31m

processing file: 08_PPI.qmd
[39m1/22                 
2/22 [setup]         
3/22                 
4/22 [libraries]     
5/22                 
6/22 [directories]   
7/22                 
8/22 [load_data]     
9/22                 
10/22 [init_string]   
11/22                 
12/22 [build_networks]
[31mtrying URL 'https://stringdb-downloads.org/download/protein.aliases.v12.0/10090.protein.aliases.v12.0.txt.gz'
[39m[31mContent type 'application/octet-stream' length 11695521 bytes (11.2 MB)
[39m[31m=[39m[31m=[39m[31m=[39m[31m=[39m[31m=[39m[31m=[39m[31m=[39m[31m=[39m[31m=[39m[31m=[39m[31m=[39m[31m=[39m[31m=[39m[31m=[39m[31m=[39m[31m=[39m[31m=[39m[31m=[39m[31m=[39m[31m=[39m[31m=[39m[31m=[39m[31m=[39m[31m=[39m[31m=[39m[31m=[39m[31m=[39m[31m=[39m[31m=[39m[31m=[39m[31m=[39m[31m=[39m[31m=[39m[31m=[39m[31m=[39m[31m=[39m[31m=[39m[31m=[39m[31m=[39m[31m=[39m[31m=[39m[31m=[39m[31m=[39m[31m=[39m[31m=[39m[31m=[39m[31m=[39m[31m=[39m[31m=[39m[31m=[39m[31m
downloaded 11.2 MB

[39m[31mtrying URL 'https://stringdb-downloads.org/download/protein.info.v12.0/10090.protein.info.v12.0.txt.gz'
[39m[31mContent type 'application/octet-stream' length 1922919 bytes (1.8 MB)
[39m[31m=[39m[31m=[39m[31m=[39m[31m=[39m[31m=[39m[31m=[39m[31m=[39m[31m=[39m[31m=[39m[31m=[39m[31m=[39m[31m=[39m[31m=[39m[31m=[39m[31m=[39m[31m=[39m[31m=[39m[31m=[39m[31m=[39m[31m=[39m[31m=[39m[31m=[39m[31m=[39m[31m=[39m[31m=[39m[31m=[39m[31m=[39m[31m=[39m[31m=[39m[31m=[39m[31m=[39m[31m=[39m[31m=[39m[31m=[39m[31m=[39m[31m=[39m[31m=[39m[31m=[39m[31m=[39m[31m=[39m[31m=[39m[31m=[39m[31m=[39m[31m=[39m[31m=[39m[31m=[39m[31m=[39m[31m=[39m[31m=[39m[31m=[39m[31m
downloaded 1.8 MB

[39m[31mtrying URL 'https://stringdb-downloads.org/download/protein.physical.links.v12.0/10090.protein.physical.links.v12.0.txt.gz'
[39m[31mContent type 'application/octet-stream' length 4343420 bytes (4.1 MB)
[39m[31m==================================================
downloaded 4.1 MB

[39m13/22                 
14/22 [plot_full]     
15/22                 
16/22 [plot_topN]     
17/22                 
18/22 [hub_tables]    
19/22                 
20/22 [summary_stats] 
21/22                 
22/22 [session_info]  
[31moutput file: 08_PPI.knit.md

[39m[1m[34m[7/9] notebooks/06_msstats_limma_correlation.qmd[39m[22m
[1m[34m[8/9] notebooks/07_cell_interactions.qmd[39m[22m
[31m

processing file: 07_cell_interactions.qmd
[39m1/33                   
2/33 [unnamed-chunk-1] 
3/33                   
4/33 [unnamed-chunk-2] 
5/33                   
6/33 [unnamed-chunk-3] 
[31m[2026-04-09 10:32:14] [SUCCESS] [OmnipathR] Loaded 139054 interactions from cache.
[39m[31m[2026-04-09 10:32:15] [SUCCESS] [OmnipathR] Loaded 15663 intercellular communication role records from cache.
[39m[31m[2026-04-09 10:32:15] [SUCCESS] [OmnipathR] Loaded 35316 intercellular communication role records from cache.
[39m7/33                   
8/33 [unnamed-chunk-4] 
9/33                   
10/33 [unnamed-chunk-5] 
11/33                   
12/33 [unnamed-chunk-6] 
13/33                   
14/33 [unnamed-chunk-7] 
15/33                   
16/33 [unnamed-chunk-8] 
17/33                   
18/33 [unnamed-chunk-9] 
19/33                   
20/33 [unnamed-chunk-10]
21/33                   
22/33 [unnamed-chunk-11]
23/33                   
24/33 [unnamed-chunk-12]
25/33                   
26/33 [unnamed-chunk-13]
27/33                   
28/33 [unnamed-chunk-14]
29/33                   
30/33 [unnamed-chunk-15]
31/33                   
32/33 [unnamed-chunk-16]
33/33                   
[31moutput file: 07_cell_interactions.knit.md

[39m[1m[34m[9/9] notebooks/01a_initial_qc_spectronaut.qmd[39m[22m

Output created: docs/index.html

