[1m[34m[1/6] index.qmd[39m[22m
[1m[34m[2/6] notebooks/05_gfap_correlation.qmd[39m[22m
[31m

processing file: 05_gfap_correlation.qmd
[39m1/9                  
2/9 [unnamed-chunk-1]
3/9                  
4/9 [unnamed-chunk-2]
5/9                  
6/9 [unnamed-chunk-3]
7/9                  
8/9 [unnamed-chunk-4]
9/9                  
[31moutput file: 05_gfap_correlation.knit.md

[39m[1m[34m[3/6] notebooks/01b_DAA_marker_check.qmd[39m[22m
[31m

processing file: 01b_DAA_marker_check.qmd
[39m1/13                  
2/13 [unnamed-chunk-1]
3/13                  
4/13 [unnamed-chunk-2]
5/13                  
6/13 [unnamed-chunk-3]
7/13                  
8/13 [unnamed-chunk-4]
9/13                  
10/13 [unnamed-chunk-5]
11/13                  
12/13 [unnamed-chunk-6]
