[1m[34m[1/8] index.qmd[39m[22m
[1m[34m[2/8] notebooks/01b_DAA_marker_check.qmd[39m[22m
[1m[34m[3/8] notebooks/05_gfap_correlation.qmd[39m[22m
[1m[34m[4/8] notebooks/04_gsea.qmd[39m[22m
[1m[34m[5/8] notebooks/03_DE_plots.qmd[39m[22m
[1m[34m[6/8] notebooks/07_cell_interactions.qmd[39m[22m
[31m

processing file: 07_cell_interactions.qmd
[39m1/21                   
2/21 [unnamed-chunk-1] 
3/21                   
4/21 [unnamed-chunk-2] 
5/21                   
6/21 [unnamed-chunk-3] 
[31m[2026-03-17 11:28:09] [SUCCESS] [OmnipathR] Loaded 139054 interactions from cache.
[39m[31m[2026-03-17 11:28:09] [SUCCESS] [OmnipathR] Loaded 15663 intercellular communication role records from cache.
[39m[31m[2026-03-17 11:28:09] [SUCCESS] [OmnipathR] Loaded 35316 intercellular communication role records from cache.
[39m7/21                   
8/21 [unnamed-chunk-4] 
9/21                   
10/21 [unnamed-chunk-5] 
11/21                   
12/21 [unnamed-chunk-6] 
13/21                   
14/21 [unnamed-chunk-7] 
15/21                   
16/21 [unnamed-chunk-8] 
17/21                   
18/21 [unnamed-chunk-9] 
19/21                   
20/21 [unnamed-chunk-10]
21/21                   
[31moutput file: 07_cell_interactions.knit.md

[39m[1m[34m[7/8] notebooks/06_msstats_limma_correlation.qmd[39m[22m
[1m[34m[8/8] notebooks/01a_initial_qc_spectronaut.qmd[39m[22m

Output created: docs/index.html

