[2026-03-13 20:05:35] [TRACE]   [OmnipathR] Reading JSON from `/nemo/homefs/home/zanettc/.cache/OmnipathR/cache.json` (encoding: UTF-8).
[2026-03-13 20:05:35] [TRACE]   [OmnipathR] JSON validation successful: TRUE
[2026-03-13 20:05:35] [INFO]    [OmnipathR] Initialized cache: `/nemo/homefs/home/zanettc/.cache/OmnipathR`.
[2026-03-13 20:05:35] [INFO]    [OmnipathR] Package `OmnipathR` packaged: 2026-01-30 01:23:45 UTC; biocbuild
[2026-03-13 20:05:35] [INFO]    [OmnipathR] Package `OmnipathR` date/publication: 2026-01-29
[2026-03-13 20:05:35] [INFO]    [OmnipathR] Package `OmnipathR` built: R 4.5.1; ; 2026-03-13 15:37:41 UTC; unix
[2026-03-13 20:05:35] [INFO]    [OmnipathR] Package `OmnipathR` version: 3.18.4
[2026-03-13 20:05:35] [INFO]    [OmnipathR] Package `OmnipathR` repository: Bioconductor 3.22
[2026-03-13 20:05:36] [INFO]    [OmnipathR] Session info: [version=R version 4.5.1 (2025-06-13); os=Rocky Linux 8.7 (Green Obsidian); system=x86_64, linux-gnu; ui=X11; language=(EN); collate=en_GB.UTF-8; ctype=en_GB.UTF-8; tz=Europe/London; date=2026-03-13; pandoc=NA (via rmarkdown); quarto=1.5.57 @ /camp/apps/eb/software/quarto/1.5.57-x64/bin/quarto]
[2026-03-13 20:05:36] [INFO]    [OmnipathR] External libraries: [cairo=1.18.4; cairoFT=2.13.0/2.16.2; pango=; png=1.6.48; jpeg=8.0; tiff=LIBTIFF, Version 4.7.0; tcl=8.6.16; curl=8.11.1; zlib=1.3.1; bzlib=1.0.8, 13-Jul-2019; xz=5.6.3; deflate=1.24; PCRE=10.45 2025-02-05; ICU=76.1; TRE=TRE 0.8.0 R_fixes (BSD); iconv=GNU libiconv 1.18; readline=8.2; BLAS=FlexiBLAS OPENBLAS; lapack=FlexiBLAS OPENBLAS; lapack_version=3.12.0]
[2026-03-13 20:05:36] [INFO]    [OmnipathR] Loaded packages: backports 1.5.0(2024-05-23); bit 4.6.0(2025-03-06); bit64 4.6.0-1(2025-01-16); blob 1.2.4(2023-03-17); cachem 1.1.0(2024-05-16); cellranger 1.1.0(2016-07-27); checkmate 2.3.3(2025-08-18); cli 3.6.5(2025-04-23); crayon 1.5.3(2024-06-20); curl 7.0.0(2025-08-19); DBI 1.2.3(2024-06-02); digest 0.6.39(2025-11-19); dplyr 1.2.0(2026-02-03); evaluate 1.0.5(2025-08-27); fastmap 1.2.0(2024-05-15); fs 1.6.6(2025-04-12); generics 0.1.4(2025-05-09); glue 1.8.0(2024-09-30); hms 1.1.4(2025-10-17); htmltools 0.5.9(2025-12-04); htmlwidgets 1.6.4(2023-12-06); httr 1.4.8(2026-02-13); httr2 1.2.1(2025-07-22); igraph 2.2.2(2026-02-12); jsonlite 2.0.0(2025-03-27); knitr 1.51(2025-12-20); later 1.4.6(2026-02-13); lifecycle 1.0.5(2026-01-08); logger 0.4.1(2025-09-11); lubridate 1.9.4(2024-12-08); magrittr 2.0.4(2025-09-12); memoise 2.0.1(2021-11-26); OmnipathR 3.18.4(2026-01-29); otel 0.2.0(2025-08-29); pillar 1.11.1(2025-09-17); pkgconfig 2.0.3(2019-09-22); prettyunits 1.2.0(2023-09-24); progress 1.2.3(2023-12-06); purrr 1.2.1(2026-01-09); R.methodsS3 1.8.2(2022-06-13); R.oo 1.27.1(2025-05-02); R.utils 2.13.0(2025-02-24); R6 2.6.1(2025-02-15); rappdirs 0.3.4(2026-01-17); Rcpp 1.1.1(2026-01-10); readr 2.1.6(2025-11-14); readxl 1.4.5(2025-03-07); rlang 1.1.7(2026-01-09); rmarkdown 2.30(2025-09-28); RSQLite 2.4.5(2025-11-30); rvest 1.0.5(2025-08-29); sessioninfo 1.2.3(2025-02-05); stringi 1.8.7(2025-03-27); stringr 1.6.0(2025-11-04); tibble 3.3.1(2026-01-11); tidyr 1.3.2(2025-12-19); tidyselect 1.2.1(2024-03-11); timechange 0.3.0(2024-01-18); tzdb 0.5.0(2025-03-15); vctrs 0.7.1(2026-01-23); withr 3.0.2(2024-10-28); xfun 0.56(2026-01-18); XML 3.99-0.20(2025-11-08); xml2 1.4.0(2025-08-20); yaml 2.3.12(2025-12-10); zip 2.3.3(2025-05-13)
[2026-03-13 20:05:36] [INFO]    [OmnipathR] CURL: version: 8.11.1; headers: 8.11.1; ssl_version: OpenSSL/3.2.1; libz_version: 1.3.1; libssh_version: NA; libidn_version: 2.3.7; host: x86_64-pc-linux-gnu; protocols: dict, file, ftp, ftps, gopher, gophers, http, https, imap, imaps, mqtt, pop3, pop3s, rtsp, smb, smbs, smtp, smtps, telnet, tftp, ws, wss; ipv6: TRUE; http2: FALSE; idn: TRUE; url_parser: TRUE
[2026-03-13 20:05:37] [TRACE]   [OmnipathR] Reading JSON from `/nemo/lab/destrooperb/home/shared/zanettc/R/4.5/OmnipathR/db/db_def.json` (encoding: UTF-8).
[2026-03-13 20:05:37] [TRACE]   [OmnipathR] JSON validation successful: TRUE
[2026-03-13 20:05:37] [TRACE]   [OmnipathR] Reading JSON from `/nemo/lab/destrooperb/home/shared/zanettc/R/4.5/OmnipathR/internal/magic_bytes.json` (encoding: UTF-8).
[2026-03-13 20:05:37] [TRACE]   [OmnipathR] JSON validation successful: TRUE
[2026-03-13 20:05:37] [TRACE]   [OmnipathR] Reading JSON from `/nemo/lab/destrooperb/home/shared/zanettc/R/4.5/OmnipathR/internal/urls.json` (encoding: UTF-8).
[2026-03-13 20:05:37] [TRACE]   [OmnipathR] JSON validation successful: TRUE
[2026-03-13 20:05:37] [TRACE]   [OmnipathR] Reading JSON from `/nemo/lab/destrooperb/home/shared/zanettc/R/4.5/OmnipathR/internal/id_types.json` (encoding: UTF-8).
[2026-03-13 20:05:37] [TRACE]   [OmnipathR] JSON validation successful: TRUE
[2026-03-13 20:05:37] [INFO]    [OmnipathR] Loading database `Ensembl and OMA organism names`.
[2026-03-13 20:05:37] [INFO]    [OmnipathR] Looking up in cache `https://www.ensembl.org/info/about/species.html`: key=7332486db7400730697234bad76ca0c8e4d00799, latest version=1.
[2026-03-13 20:05:37] [TRACE]   [OmnipathR] Cache file path: /nemo/homefs/home/zanettc/.cache/OmnipathR/7332486db7400730697234bad76ca0c8e4d00799-1.html
[2026-03-13 20:05:37] [TRACE]   [OmnipathR] Downloading by `generic_downloader`.
[2026-03-13 20:05:38] [TRACE]   [OmnipathR] Looking up in cache: `https://omabrowser.org/All/oma-species.txt`.
[2026-03-13 20:05:38] [TRACE]   [OmnipathR] Loaded data from RDS `/nemo/homefs/home/zanettc/.cache/OmnipathR/30e690cbb55dfc63b5903ab337f34ffc2f4be397-1.rds`.
[2026-03-13 20:05:38] [TRACE]   [OmnipathR] Downloading by `generic_downloader`.
[2026-03-13 20:05:38] [TRACE]   [OmnipathR] Looking up in cache: `https://ftp.expasy.org/databases/uniprot/current_release/knowledgebase/complete/docs/speclist.txt`.
[2026-03-13 20:05:38] [TRACE]   [OmnipathR] Loaded data from RDS `/nemo/homefs/home/zanettc/.cache/OmnipathR/56ad6544dc07a2222fa6013d8d83e6e5a35fdf33-1.rds`.
[2026-03-13 20:05:38] [INFO]    [OmnipathR] Loaded database `Ensembl and OMA organism names`.
[2026-03-13 20:05:38] [TRACE]   [OmnipathR] Organism(s): 9606
[2026-03-13 20:05:38] [TRACE]   [OmnipathR] Orthology targets: 
[2026-03-13 20:05:38] [TRACE]   [OmnipathR] Looking up in cache: `https://omnipathdb.org/interactions?genesymbols=yes&datasets=omnipath,pathwayextra,kinaseextra,ligrecextra&organisms=9606&fields=datasets,sources,references,curation_effort&license=academic`
[2026-03-13 20:05:38] [TRACE]   [OmnipathR] Loaded data from RDS `/nemo/homefs/home/zanettc/.cache/OmnipathR/3098404926bc0cf155d043ff0c6efe64e3424b74-1.rds`.
[2026-03-13 20:05:38] [INFO]    [OmnipathR] Loaded from cache: `https://omnipathdb.org/interactions?genesymbols=yes&datasets=omnipath,pathwayextra,kinaseextra,ligrecextra&organisms=9606&fields=datasets,sources,references,curation_effort&license=academic`
[2026-03-13 20:05:42] [SUCCESS] [OmnipathR] Loaded 139054 interactions from cache.
[2026-03-13 20:05:42] [TRACE]   [OmnipathR] Organism(s): 9606
[2026-03-13 20:05:42] [TRACE]   [OmnipathR] Orthology targets: 
[2026-03-13 20:05:42] [TRACE]   [OmnipathR] Looking up in cache: `https://omnipathdb.org/intercell?scope=generic&categories=ligand&causality=trans&license=academic`
[2026-03-13 20:05:42] [TRACE]   [OmnipathR] Loaded data from RDS `/nemo/homefs/home/zanettc/.cache/OmnipathR/8262325d1082f91a3bcb8b574ccb8cf40988baec-1.rds`.
[2026-03-13 20:05:42] [INFO]    [OmnipathR] Loaded from cache: `https://omnipathdb.org/intercell?scope=generic&categories=ligand&causality=trans&license=academic`
[2026-03-13 20:05:42] [SUCCESS] [OmnipathR] Loaded 15663 intercellular communication role records from cache.
[2026-03-13 20:05:42] [TRACE]   [OmnipathR] Organism(s): 9606
[2026-03-13 20:05:42] [TRACE]   [OmnipathR] Orthology targets: 
[2026-03-13 20:05:42] [TRACE]   [OmnipathR] Looking up in cache: `https://omnipathdb.org/intercell?scope=generic&categories=receptor&causality=rec&license=academic`
[2026-03-13 20:05:42] [TRACE]   [OmnipathR] Loaded data from RDS `/nemo/homefs/home/zanettc/.cache/OmnipathR/d12869c48ea48450322c9b8a7e21f3ca4902604e-1.rds`.
[2026-03-13 20:05:42] [INFO]    [OmnipathR] Loaded from cache: `https://omnipathdb.org/intercell?scope=generic&categories=receptor&causality=rec&license=academic`
[2026-03-13 20:05:42] [SUCCESS] [OmnipathR] Loaded 35316 intercellular communication role records from cache.
