[2026-03-13 15:40:50] [TRACE]   [OmnipathR] Reading JSON from `/nemo/homefs/home/zanettc/.cache/OmnipathR/cache.json` (encoding: UTF-8).
[2026-03-13 15:40:50] [TRACE]   [OmnipathR] JSON validation successful: TRUE
[2026-03-13 15:40:50] [INFO]    [OmnipathR] Initialized cache: `/nemo/homefs/home/zanettc/.cache/OmnipathR`.
[2026-03-13 15:40:50] [INFO]    [OmnipathR] Package `OmnipathR` packaged: 2026-01-30 01:23:45 UTC; biocbuild
[2026-03-13 15:40:50] [INFO]    [OmnipathR] Package `OmnipathR` date/publication: 2026-01-29
[2026-03-13 15:40:50] [INFO]    [OmnipathR] Package `OmnipathR` built: R 4.5.1; ; 2026-03-13 15:37:41 UTC; unix
[2026-03-13 15:40:50] [INFO]    [OmnipathR] Package `OmnipathR` version: 3.18.4
[2026-03-13 15:40:50] [INFO]    [OmnipathR] Package `OmnipathR` repository: Bioconductor 3.22
[2026-03-13 15:40:50] [INFO]    [OmnipathR] Session info: [version=R version 4.5.1 (2025-06-13); os=Rocky Linux 8.7 (Green Obsidian); system=x86_64, linux-gnu; ui=RStudio; language=(EN); collate=en_GB.UTF-8; ctype=en_GB.UTF-8; tz=Europe/London; date=2026-03-13; rstudio=2025.12.999-dev+999 Cucumberleaf Sunflower (server); pandoc=3.6.3 @ /flask/apps/eb/software/RStudio-Server/2025.09.2+418-foss-2025a-R-4.5.1/bin/quarto/bin/tools/x86_64/ (via rmarkdown); quarto=1.7.32 @ /flask/apps/eb/software/RStudio-Server/2025.09.2+418-foss-2025a-R-4.5.1/bin/quarto/bin/quarto]
[2026-03-13 15:40:50] [INFO]    [OmnipathR] External libraries: [cairo=1.18.4; cairoFT=2.13.0/2.16.2; pango=; png=1.6.48; jpeg=8.0; tiff=LIBTIFF, Version 4.7.0; tcl=8.6.16; curl=8.11.1; zlib=1.3.1; bzlib=1.0.8, 13-Jul-2019; xz=5.6.3; deflate=1.24; PCRE=10.45 2025-02-05; ICU=76.1; TRE=TRE 0.8.0 R_fixes (BSD); iconv=GNU libiconv 1.18; readline=8.2; BLAS=FlexiBLAS OPENBLAS; lapack=FlexiBLAS OPENBLAS; lapack_version=3.12.0]
[2026-03-13 15:40:51] [INFO]    [OmnipathR] Loaded packages: backports 1.5.0(2024-05-23); bit 4.6.0(2025-03-06); bit64 4.6.0-1(2025-01-16); blob 1.2.4(2023-03-17); boot 1.3-32(2025-08-29); cachem 1.1.0(2024-05-16); cellranger 1.1.0(2016-07-27); checkmate 2.3.3(2025-08-18); cli 3.6.5(2025-04-23); crayon 1.5.3(2024-06-20); curl 7.0.0(2025-08-19); DBI 1.2.3(2024-06-02); digest 0.6.39(2025-11-19); dplyr 1.2.0(2026-02-03); evaluate 1.0.5(2025-08-27); fastmap 1.2.0(2024-05-15); fs 1.6.6(2025-04-12); generics 0.1.4(2025-05-09); glue 1.8.0(2024-09-30); hms 1.1.4(2025-10-17); htmltools 0.5.9(2025-12-04); httr 1.4.8(2026-02-13); httr2 1.2.1(2025-07-22); igraph 2.2.2(2026-02-12); jsonlite 2.0.0(2025-03-27); knitr 1.51(2025-12-20); later 1.4.6(2026-02-13); lattice 0.22-7(2025-04-02); lifecycle 1.0.5(2026-01-08); lme4 1.1-38(2025-12-02); logger 0.4.1(2025-09-11); lubridate 1.9.4(2024-12-08); magrittr 2.0.4(2025-09-12); MASS 7.3-65(2025-02-28); Matrix 1.7-4(2025-08-28); memoise 2.0.1(2021-11-26); minqa 1.2.8(2024-08-17); nlme 3.1-168(2025-03-31); nloptr 2.2.1(2025-03-17); OmnipathR 3.18.4(2026-01-29); otel 0.2.0(2025-08-29); pillar 1.11.1(2025-09-17); pkgconfig 2.0.3(2019-09-22); prettyunits 1.2.0(2023-09-24); progress 1.2.3(2023-12-06); purrr 1.2.1(2026-01-09); R.methodsS3 1.8.2(2022-06-13); R.oo 1.27.1(2025-05-02); R.utils 2.13.0(2025-02-24); R6 2.6.1(2025-02-15); rappdirs 0.3.4(2026-01-17); rbibutils 2.4(2025-11-07); Rcpp 1.1.1(2026-01-10); Rdpack 2.6.4(2025-04-09); readr 2.1.6(2025-11-14); readxl 1.4.5(2025-03-07); reformulas 0.4.4(2026-02-02); rlang 1.1.7(2026-01-09); rmarkdown 2.30(2025-09-28); RSQLite 2.4.5(2025-11-30); rstudioapi 0.17.1(2024-10-22); rvest 1.0.5(2025-08-29); S7 0.2.1(2025-11-14); sessioninfo 1.2.3(2025-02-05); stringi 1.8.7(2025-03-27); stringr 1.6.0(2025-11-04); tibble 3.3.1(2026-01-11); tidyr 1.3.2(2025-12-19); tidyselect 1.2.1(2024-03-11); timechange 0.3.0(2024-01-18); tzdb 0.5.0(2025-03-15); vctrs 0.7.1(2026-01-23); withr 3.0.2(2024-10-28); xfun 0.56(2026-01-18); XML 3.99-0.20(2025-11-08); xml2 1.4.0(2025-08-20); yaml 2.3.12(2025-12-10); zip 2.3.3(2025-05-13)
[2026-03-13 15:40:51] [INFO]    [OmnipathR] CURL: version: 8.11.1; headers: 8.11.1; ssl_version: OpenSSL/3.2.1; libz_version: 1.3.1; libssh_version: NA; libidn_version: 2.3.7; host: x86_64-pc-linux-gnu; protocols: dict, file, ftp, ftps, gopher, gophers, http, https, imap, imaps, mqtt, pop3, pop3s, rtsp, smb, smbs, smtp, smtps, telnet, tftp, ws, wss; ipv6: TRUE; http2: FALSE; idn: TRUE; url_parser: TRUE
[2026-03-13 15:40:51] [TRACE]   [OmnipathR] Reading JSON from `/nemo/lab/destrooperb/home/shared/zanettc/R/4.5/OmnipathR/db/db_def.json` (encoding: UTF-8).
[2026-03-13 15:40:51] [TRACE]   [OmnipathR] JSON validation successful: TRUE
[2026-03-13 15:40:51] [TRACE]   [OmnipathR] Reading JSON from `/nemo/lab/destrooperb/home/shared/zanettc/R/4.5/OmnipathR/internal/magic_bytes.json` (encoding: UTF-8).
[2026-03-13 15:40:51] [TRACE]   [OmnipathR] JSON validation successful: TRUE
[2026-03-13 15:40:51] [TRACE]   [OmnipathR] Reading JSON from `/nemo/lab/destrooperb/home/shared/zanettc/R/4.5/OmnipathR/internal/urls.json` (encoding: UTF-8).
[2026-03-13 15:40:51] [TRACE]   [OmnipathR] JSON validation successful: TRUE
[2026-03-13 15:40:51] [TRACE]   [OmnipathR] Reading JSON from `/nemo/lab/destrooperb/home/shared/zanettc/R/4.5/OmnipathR/internal/id_types.json` (encoding: UTF-8).
[2026-03-13 15:40:51] [TRACE]   [OmnipathR] JSON validation successful: TRUE
[2026-03-13 15:41:04] [INFO]    [OmnipathR] Loading database `Ensembl and OMA organism names`.
[2026-03-13 15:41:04] [TRACE]   [OmnipathR] Reading JSON from `/nemo/homefs/home/zanettc/.cache/OmnipathR/cache.json` (encoding: UTF-8).
[2026-03-13 15:41:04] [TRACE]   [OmnipathR] JSON validation successful: TRUE
[2026-03-13 15:41:04] [INFO]    [OmnipathR] Looking up in cache `https://www.ensembl.org/info/about/species.html`: key=7332486db7400730697234bad76ca0c8e4d00799, no version available.
[2026-03-13 15:41:04] [TRACE]   [OmnipathR] Reading JSON from `/nemo/homefs/home/zanettc/.cache/OmnipathR/cache.json` (encoding: UTF-8).
[2026-03-13 15:41:04] [TRACE]   [OmnipathR] JSON validation successful: TRUE
[2026-03-13 15:41:04] [INFO]    [OmnipathR] Created new version for cache record 7332486db7400730697234bad76ca0c8e4d00799: version 1.
[2026-03-13 15:41:04] [TRACE]   [OmnipathR] Cache file path: /nemo/homefs/home/zanettc/.cache/OmnipathR/7332486db7400730697234bad76ca0c8e4d00799-1.html
[2026-03-13 15:41:04] [INFO]    [OmnipathR] Retrieving URL: `https://www.ensembl.org/info/about/species.html`
[2026-03-13 15:41:04] [TRACE]   [OmnipathR] Downloading by `httr2` in `download_base`.
[2026-03-13 15:41:04] [TRACE]   [OmnipathR] Attempt 1/3: `https://www.ensembl.org/info/about/species.html`
[2026-03-13 15:41:04] [TRACE]   [OmnipathR] Preparing httr2 request to URL `https://www.ensembl.org/info/about/species.html`.
[2026-03-13 15:41:04] [TRACE]   [OmnipathR] HTTP headers: [User-Agent=Mozilla/5.0 (X11; Linux x86_64; rv:134.0) Gecko/20100101 Firefox/134.0]
[2026-03-13 15:41:04] [TRACE]   [OmnipathR] Curl options: [connecttimeout=10,timeout=300,debugfunction=<function>,verbose=FALSE,tcp_keepalive=TRUE,tcp_keepintvl=10,tcp_keepidle=10,tcp_keepcnt=13,upkeep_interval_ms=30000,ssl_verifypeer=1,ssl_verifyhost=2]
[2026-03-13 15:41:04] [TRACE]   [OmnipathR] HTTP headers: [User-Agent=Mozilla/5.0 (X11; Linux x86_64; rv:134.0) Gecko/20100101 Firefox/134.0]
[2026-03-13 15:41:04] [TRACE]   [OmnipathR] Sending HTTP request.
[2026-03-13 15:41:04] [TRACE]   [OmnipathR] HTTP 200 (OK)
[2026-03-13 15:41:04] [TRACE]   [OmnipathR] HTTP v1 GET: status 200.
[2026-03-13 15:41:04] [TRACE]   [OmnipathR] Downloaded 31.3 Kb in 0.165884s from www.ensembl.org (188.6 Kb/s); Redirect: 0s, DNS look up: 0.045496s, Connection: 0.047184s, Pretransfer: 0.058703s, First byte at: 0.163585s
[2026-03-13 15:41:04] [TRACE]   [OmnipathR] HTTP headers: HTTP/1.1 200 OK; Date: Fri, 13 Mar 2026 15:41:04 GMT; Content-Type: text/html; charset=utf-8; Content-Length: 32032; Connection: keep-alive; Server: Apache; Set-cookie: redirect_mirror=; path=/; expires=Mon, 01-Jan-2001 00:00:01 GMT; Set-cookie: redirect_mirror=no; path=/; expires=Sat, 14 Mar 2026 15:41:04 GMT; Set-cookie: ENSEMBL_HINX_SESSION=e690b31470397fe90a2e672c6a034a10000692ca9f9b739341bc0e78; path=/; expires=Thu, 31-Dec-2037 23:59:59 GMT; HttpOnly; Set-cookie: redirect_mirror=; path=/; expires=Mon, 01-Jan-2001 00:00:01 GMT; Set-cookie: redirect_mirror=no; path=/; expires=Sat, 14 Mar 2026 15:41:04 GMT; Set-cookie: ENSEMBL_HINX_SESSION=e690b31470397fe90a2e672c6a034a10000692ca9f9b739341bc0e78; path=/; expires=Thu, 31-Dec-2037 23:59:59 GMT; HttpOnly; Vary: Accept-Encoding; Content-Encoding: gzip; X-Frame-Options: SAMEORIGIN; Content-Security-Policy: frame-ancestors 'self'; X-NGINX-MACHINE: wp-p1m2-35.ebi.ac.uk
[2026-03-13 15:41:04] [TRACE]   [OmnipathR] Response headers: [Date=Fri, 13 Mar 2026 15:41:04 GMT,Content-Type=text/html; charset=utf-8,Content-Length=32032,Connection=keep-alive,Server=Apache,Set-cookie=redirect_mirror=; path=/; expires=Mon, 01-Jan-2001 00:00:01 GMT,Set-cookie=redirect_mirror=no; path=/; expires=Sat, 14 Mar 2026 15:41:04 GMT,Set-cookie=ENSEMBL_HINX_SESSION=e690b31470397fe90a2e672c6a034a10000692ca9f9b739341bc0e78; path=/; expires=Thu, 31-Dec-2037 23:59:59 GMT; HttpOnly,Set-cookie=redirect_mirror=; path=/; expires=Mon, 01-Jan-2001 00:00:01 GMT,Set-cookie=redirect_mirror=no; path=/; expires=Sat, 14 Mar 2026 15:41:04 GMT,Set-cookie=ENSEMBL_HINX_SESSION=e690b31470397fe90a2e672c6a034a10000692ca9f9b739341bc0e78; path=/; expires=Thu, 31-Dec-2037 23:59:59 GMT; HttpOnly,Vary=Accept-Encoding,Content-Encoding=gzip,X-Frame-Options=SAMEORIGIN,Content-Security-Policy=frame-ancestors 'self',X-NGINX-MACHINE=wp-p1m2-35.ebi.ac.uk]
[2026-03-13 15:41:07] [INFO]    [OmnipathR] Download ready [key=7332486db7400730697234bad76ca0c8e4d00799, version=1]
[2026-03-13 15:41:07] [TRACE]   [OmnipathR] Reading JSON from `/nemo/homefs/home/zanettc/.cache/OmnipathR/cache.json` (encoding: UTF-8).
[2026-03-13 15:41:07] [TRACE]   [OmnipathR] JSON validation successful: TRUE
[2026-03-13 15:41:07] [INFO]    [OmnipathR] Cache item `7332486db7400730697234bad76ca0c8e4d00799` version 1: status changed from `unknown` to `ready`.
[2026-03-13 15:41:07] [TRACE]   [OmnipathR] Downloading by `generic_downloader`.
[2026-03-13 15:41:08] [TRACE]   [OmnipathR] Looking up in cache: `https://omabrowser.org/All/oma-species.txt`.
[2026-03-13 15:41:08] [INFO]    [OmnipathR] Cache record does not exist: `https://omabrowser.org/All/oma-species.txt`
[2026-03-13 15:41:08] [TRACE]   [OmnipathR] Could not find in cache, initiating download: `https://omabrowser.org/All/oma-species.txt`.
[2026-03-13 15:41:08] [TRACE]   [OmnipathR] Reading JSON from `/nemo/homefs/home/zanettc/.cache/OmnipathR/cache.json` (encoding: UTF-8).
[2026-03-13 15:41:08] [TRACE]   [OmnipathR] JSON validation successful: TRUE
[2026-03-13 15:41:08] [TRACE]   [OmnipathR] Reading JSON from `/nemo/homefs/home/zanettc/.cache/OmnipathR/cache.json` (encoding: UTF-8).
[2026-03-13 15:41:08] [TRACE]   [OmnipathR] JSON validation successful: TRUE
[2026-03-13 15:41:08] [INFO]    [OmnipathR] Cache item `30e690cbb55dfc63b5903ab337f34ffc2f4be397` version 1: status changed from `unknown` to `started`.
[2026-03-13 15:41:08] [TRACE]   [OmnipathR] Exporting object to RDS: `/nemo/homefs/home/zanettc/.cache/OmnipathR/30e690cbb55dfc63b5903ab337f34ffc2f4be397-1.rds`.
[2026-03-13 15:41:08] [INFO]    [OmnipathR] Retrieving URL: `https://omabrowser.org/All/oma-species.txt`
[2026-03-13 15:41:08] [TRACE]   [OmnipathR] Attempt 1/3: `https://omabrowser.org/All/oma-species.txt`
[2026-03-13 15:41:08] [TRACE]   [OmnipathR] HTTP request by `omnipath_curl`.
[2026-03-13 15:41:08] [TRACE]   [OmnipathR] Curl options: [connecttimeout=10,timeout=300,debugfunction=<function>,verbose=FALSE,tcp_keepalive=TRUE,tcp_keepintvl=10,tcp_keepidle=10,tcp_keepcnt=13,upkeep_interval_ms=30000,ssl_verifypeer=1,ssl_verifyhost=2]
[2026-03-13 15:41:08] [TRACE]   [OmnipathR] HTTP v1 GET: status 200.
[2026-03-13 15:41:08] [TRACE]   [OmnipathR] Downloaded 7.6 Kb in 0.134081s from omabrowser.org (56.4 Kb/s); Redirect: 0s, DNS look up: 0.028882s, Connection: 0.031251s, Pretransfer: 0.043666s, First byte at: 0.133812s
[2026-03-13 15:41:08] [TRACE]   [OmnipathR] HTTP headers: HTTP/1.1 200 OK; Date: Fri, 13 Mar 2026 15:41:08 GMT; Content-Type: text/plain; charset=UTF-8; Transfer-Encoding: chunked; Connection: keep-alive; Server: cloudflare; strict-transport-security: max-age=31536000; includeSubDomains; last-modified: Wed, 20 Nov 2024 10:20:02 GMT; etag: W/"673db7d2-6517f"; access-control-allow-origin: *; Content-Encoding: gzip; cf-cache-status: DYNAMIC; vary: accept-encoding; Nel: {"report_to":"cf-nel","success_fraction":0.0,"max_age":604800}; Report-To: {"group":"cf-nel","max_age":604800,"endpoints":[{"url":"https://a.nel.cloudflare.com/report/v4?s=uKYLeID%2B1HZRcgGQO5W6GpGANPFy5Wgo6mrNjdHL9uyvcFCIeh2HfnAxkMU8L7YKq0hmIA6TChhileFHgdAD%2Fk3v%2FCohycCR73j2If4N"}]}; CF-RAY: 9dbc241ddff16371-LHR; alt-svc: h3=":443"; ma=86400
[2026-03-13 15:41:10] [TRACE]   [OmnipathR] Exported RDS to `/nemo/homefs/home/zanettc/.cache/OmnipathR/30e690cbb55dfc63b5903ab337f34ffc2f4be397-1.rds`.
[2026-03-13 15:41:10] [INFO]    [OmnipathR] Download ready [key=30e690cbb55dfc63b5903ab337f34ffc2f4be397, version=1]
[2026-03-13 15:41:10] [TRACE]   [OmnipathR] Reading JSON from `/nemo/homefs/home/zanettc/.cache/OmnipathR/cache.json` (encoding: UTF-8).
[2026-03-13 15:41:10] [TRACE]   [OmnipathR] JSON validation successful: TRUE
[2026-03-13 15:41:10] [INFO]    [OmnipathR] Cache item `30e690cbb55dfc63b5903ab337f34ffc2f4be397` version 1: status changed from `started` to `ready`.
[2026-03-13 15:41:10] [TRACE]   [OmnipathR] Downloading by `generic_downloader`.
[2026-03-13 15:41:10] [TRACE]   [OmnipathR] Looking up in cache: `https://ftp.expasy.org/databases/uniprot/current_release/knowledgebase/complete/docs/speclist.txt`.
[2026-03-13 15:41:10] [INFO]    [OmnipathR] Cache record does not exist: `https://ftp.expasy.org/databases/uniprot/current_release/knowledgebase/complete/docs/speclist.txt`
[2026-03-13 15:41:10] [TRACE]   [OmnipathR] Could not find in cache, initiating download: `https://ftp.expasy.org/databases/uniprot/current_release/knowledgebase/complete/docs/speclist.txt`.
[2026-03-13 15:41:10] [TRACE]   [OmnipathR] Reading JSON from `/nemo/homefs/home/zanettc/.cache/OmnipathR/cache.json` (encoding: UTF-8).
[2026-03-13 15:41:10] [TRACE]   [OmnipathR] JSON validation successful: TRUE
[2026-03-13 15:41:10] [TRACE]   [OmnipathR] Reading JSON from `/nemo/homefs/home/zanettc/.cache/OmnipathR/cache.json` (encoding: UTF-8).
[2026-03-13 15:41:10] [TRACE]   [OmnipathR] JSON validation successful: TRUE
[2026-03-13 15:41:10] [INFO]    [OmnipathR] Cache item `56ad6544dc07a2222fa6013d8d83e6e5a35fdf33` version 1: status changed from `unknown` to `started`.
[2026-03-13 15:41:10] [TRACE]   [OmnipathR] Exporting object to RDS: `/nemo/homefs/home/zanettc/.cache/OmnipathR/56ad6544dc07a2222fa6013d8d83e6e5a35fdf33-1.rds`.
[2026-03-13 15:41:10] [INFO]    [OmnipathR] Retrieving URL: `https://ftp.expasy.org/databases/uniprot/current_release/knowledgebase/complete/docs/speclist.txt`
[2026-03-13 15:41:10] [TRACE]   [OmnipathR] Attempt 1/3: `https://ftp.expasy.org/databases/uniprot/current_release/knowledgebase/complete/docs/speclist.txt`
[2026-03-13 15:41:29] [TRACE]   [OmnipathR] Exported RDS to `/nemo/homefs/home/zanettc/.cache/OmnipathR/56ad6544dc07a2222fa6013d8d83e6e5a35fdf33-1.rds`.
[2026-03-13 15:41:29] [INFO]    [OmnipathR] Download ready [key=56ad6544dc07a2222fa6013d8d83e6e5a35fdf33, version=1]
[2026-03-13 15:41:29] [TRACE]   [OmnipathR] Reading JSON from `/nemo/homefs/home/zanettc/.cache/OmnipathR/cache.json` (encoding: UTF-8).
[2026-03-13 15:41:29] [TRACE]   [OmnipathR] JSON validation successful: TRUE
[2026-03-13 15:41:29] [INFO]    [OmnipathR] Cache item `56ad6544dc07a2222fa6013d8d83e6e5a35fdf33` version 1: status changed from `started` to `ready`.
[2026-03-13 15:41:30] [INFO]    [OmnipathR] Loaded database `Ensembl and OMA organism names`.
[2026-03-13 15:41:30] [TRACE]   [OmnipathR] Organism(s): 9606
[2026-03-13 15:41:30] [TRACE]   [OmnipathR] Orthology targets: 
[2026-03-13 15:41:30] [TRACE]   [OmnipathR] Looking up in cache: `https://omnipathdb.org/interactions?genesymbols=yes&datasets=omnipath,pathwayextra,kinaseextra,ligrecextra&organisms=9606&fields=datasets,sources,references,curation_effort&license=academic`
[2026-03-13 15:41:30] [INFO]    [OmnipathR] Cache record does not exist: `https://omnipathdb.org/interactions?genesymbols=yes&datasets=omnipath,pathwayextra,kinaseextra,ligrecextra&organisms=9606&fields=datasets,sources,references,curation_effort&license=academic`
[2026-03-13 15:41:30] [TRACE]   [OmnipathR] Looking up in cache: `http://no-tls.omnipathdb.org/interactions?genesymbols=yes&datasets=omnipath,pathwayextra,kinaseextra,ligrecextra&organisms=9606&fields=datasets,sources,references,curation_effort&license=academic`
[2026-03-13 15:41:30] [INFO]    [OmnipathR] Cache record does not exist: `http://no-tls.omnipathdb.org/interactions?genesymbols=yes&datasets=omnipath,pathwayextra,kinaseextra,ligrecextra&organisms=9606&fields=datasets,sources,references,curation_effort&license=academic`
[2026-03-13 15:41:30] [TRACE]   [OmnipathR] Attempting `https://omnipathdb.org/interactions?genesymbols=yes&datasets=omnipath,pathwayextra,kinaseextra,ligrecextra&organisms=9606&fields=datasets,sources,references,curation_effort&license=academic`
[2026-03-13 15:41:30] [INFO]    [OmnipathR] Retrieving URL: `https://omnipathdb.org/interactions?genesymbols=yes&datasets=omnipath,pathwayextra,kinaseextra,ligrecextra&organisms=9606&fields=datasets,sources,references,curation_effort&license=academic`
[2026-03-13 15:41:30] [TRACE]   [OmnipathR] Attempt 1/3: `https://omnipathdb.org/interactions?genesymbols=yes&datasets=omnipath,pathwayextra,kinaseextra,ligrecextra&organisms=9606&fields=datasets,sources,references,curation_effort&license=academic`
[2026-03-13 15:41:30] [TRACE]   [OmnipathR] HTTP request by `omnipath_curl`.
[2026-03-13 15:41:30] [TRACE]   [OmnipathR] Curl options: [connecttimeout=10,timeout=300,debugfunction=<function>,verbose=FALSE,tcp_keepalive=TRUE,tcp_keepintvl=10,tcp_keepidle=10,tcp_keepcnt=13,upkeep_interval_ms=30000,ssl_verifypeer=1,ssl_verifyhost=2]
[2026-03-13 15:41:30] [TRACE]   [OmnipathR] HTTP v1 GET: status 200.
[2026-03-13 15:41:30] [TRACE]   [OmnipathR] Downloaded 15.7 Kb in 0.052288s from omnipathdb.org (300.3 Kb/s); Redirect: 0s, DNS look up: 0.023295s, Connection: 0.027686s, Pretransfer: 0.037078s, First byte at: 0.051958s
[2026-03-13 15:41:30] [TRACE]   [OmnipathR] HTTP headers: HTTP/1.1 200 OK; Server: nginx; Date: Fri, 13 Mar 2026 15:41:30 GMT; Content-Type: text/plain; charset=utf-8; Transfer-Encoding: chunked; Connection: keep-alive; Expires: Fri, 13 Mar 2026 16:41:30 GMT; Cache-Control: max-age=3600; X-Frame-Options: DENY; X-Cache-Status: HIT; Content-Encoding: gzip
[2026-03-13 15:41:33] [INFO]    [OmnipathR] Successfully retrieved: `https://omnipathdb.org/interactions?genesymbols=yes&datasets=omnipath,pathwayextra,kinaseextra,ligrecextra&organisms=9606&fields=datasets,sources,references,curation_effort&license=academic`
[2026-03-13 15:41:33] [TRACE]   [OmnipathR] Reading JSON from `/nemo/homefs/home/zanettc/.cache/OmnipathR/cache.json` (encoding: UTF-8).
[2026-03-13 15:41:33] [TRACE]   [OmnipathR] JSON validation successful: TRUE
[2026-03-13 15:41:33] [TRACE]   [OmnipathR] Reading JSON from `/nemo/homefs/home/zanettc/.cache/OmnipathR/cache.json` (encoding: UTF-8).
[2026-03-13 15:41:33] [TRACE]   [OmnipathR] JSON validation successful: TRUE
[2026-03-13 15:41:33] [INFO]    [OmnipathR] Cache item `3098404926bc0cf155d043ff0c6efe64e3424b74` version 1: status changed from `unknown` to `started`.
[2026-03-13 15:41:33] [TRACE]   [OmnipathR] Exporting object to RDS: `/nemo/homefs/home/zanettc/.cache/OmnipathR/3098404926bc0cf155d043ff0c6efe64e3424b74-1.rds`.
[2026-03-13 15:41:34] [TRACE]   [OmnipathR] Exported RDS to `/nemo/homefs/home/zanettc/.cache/OmnipathR/3098404926bc0cf155d043ff0c6efe64e3424b74-1.rds`.
[2026-03-13 15:41:34] [INFO]    [OmnipathR] Download ready [key=3098404926bc0cf155d043ff0c6efe64e3424b74, version=1]
[2026-03-13 15:41:34] [TRACE]   [OmnipathR] Reading JSON from `/nemo/homefs/home/zanettc/.cache/OmnipathR/cache.json` (encoding: UTF-8).
[2026-03-13 15:41:34] [TRACE]   [OmnipathR] JSON validation successful: TRUE
[2026-03-13 15:41:34] [INFO]    [OmnipathR] Cache item `3098404926bc0cf155d043ff0c6efe64e3424b74` version 1: status changed from `started` to `ready`.
[2026-03-13 15:41:37] [SUCCESS] [OmnipathR] Downloaded 139054 interactions.
[2026-03-13 15:41:37] [TRACE]   [OmnipathR] Organism(s): 9606
[2026-03-13 15:41:37] [TRACE]   [OmnipathR] Orthology targets: 
[2026-03-13 15:41:37] [TRACE]   [OmnipathR] Looking up in cache: `https://omnipathdb.org/intercell?scope=generic&categories=ligand&causality=trans&license=academic`
[2026-03-13 15:41:37] [INFO]    [OmnipathR] Cache record does not exist: `https://omnipathdb.org/intercell?scope=generic&categories=ligand&causality=trans&license=academic`
[2026-03-13 15:41:37] [TRACE]   [OmnipathR] Looking up in cache: `http://no-tls.omnipathdb.org/intercell?scope=generic&categories=ligand&causality=trans&license=academic`
[2026-03-13 15:41:37] [INFO]    [OmnipathR] Cache record does not exist: `http://no-tls.omnipathdb.org/intercell?scope=generic&categories=ligand&causality=trans&license=academic`
[2026-03-13 15:41:37] [TRACE]   [OmnipathR] Attempting `https://omnipathdb.org/intercell?scope=generic&categories=ligand&causality=trans&license=academic`
[2026-03-13 15:41:37] [INFO]    [OmnipathR] Retrieving URL: `https://omnipathdb.org/intercell?scope=generic&categories=ligand&causality=trans&license=academic`
[2026-03-13 15:41:37] [TRACE]   [OmnipathR] Attempt 1/3: `https://omnipathdb.org/intercell?scope=generic&categories=ligand&causality=trans&license=academic`
[2026-03-13 15:41:37] [TRACE]   [OmnipathR] HTTP request by `omnipath_curl`.
[2026-03-13 15:41:37] [TRACE]   [OmnipathR] Curl options: [connecttimeout=10,timeout=300,debugfunction=<function>,verbose=FALSE,tcp_keepalive=TRUE,tcp_keepintvl=10,tcp_keepidle=10,tcp_keepcnt=13,upkeep_interval_ms=30000,ssl_verifypeer=1,ssl_verifyhost=2]
[2026-03-13 15:41:37] [TRACE]   [OmnipathR] HTTP v1 GET: status 200.
[2026-03-13 15:41:37] [TRACE]   [OmnipathR] Downloaded 15.7 Kb in 0.03222s from omnipathdb.org (487.3 Kb/s); Redirect: 0s, DNS look up: 0.000905s, Connection: 0.0039s, Pretransfer: 0.013782s, First byte at: 0.031843s
[2026-03-13 15:41:37] [TRACE]   [OmnipathR] HTTP headers: HTTP/1.1 200 OK; Server: nginx; Date: Fri, 13 Mar 2026 15:41:37 GMT; Content-Type: text/plain; charset=utf-8; Transfer-Encoding: chunked; Connection: keep-alive; Expires: Fri, 13 Mar 2026 16:41:37 GMT; Cache-Control: max-age=3600; X-Frame-Options: DENY; X-Cache-Status: HIT; Content-Encoding: gzip
[2026-03-13 15:41:39] [INFO]    [OmnipathR] Successfully retrieved: `https://omnipathdb.org/intercell?scope=generic&categories=ligand&causality=trans&license=academic`
[2026-03-13 15:41:39] [TRACE]   [OmnipathR] Reading JSON from `/nemo/homefs/home/zanettc/.cache/OmnipathR/cache.json` (encoding: UTF-8).
[2026-03-13 15:41:39] [TRACE]   [OmnipathR] JSON validation successful: TRUE
[2026-03-13 15:41:39] [TRACE]   [OmnipathR] Reading JSON from `/nemo/homefs/home/zanettc/.cache/OmnipathR/cache.json` (encoding: UTF-8).
[2026-03-13 15:41:39] [TRACE]   [OmnipathR] JSON validation successful: TRUE
[2026-03-13 15:41:39] [INFO]    [OmnipathR] Cache item `8262325d1082f91a3bcb8b574ccb8cf40988baec` version 1: status changed from `unknown` to `started`.
[2026-03-13 15:41:39] [TRACE]   [OmnipathR] Exporting object to RDS: `/nemo/homefs/home/zanettc/.cache/OmnipathR/8262325d1082f91a3bcb8b574ccb8cf40988baec-1.rds`.
[2026-03-13 15:41:39] [TRACE]   [OmnipathR] Exported RDS to `/nemo/homefs/home/zanettc/.cache/OmnipathR/8262325d1082f91a3bcb8b574ccb8cf40988baec-1.rds`.
[2026-03-13 15:41:39] [INFO]    [OmnipathR] Download ready [key=8262325d1082f91a3bcb8b574ccb8cf40988baec, version=1]
[2026-03-13 15:41:39] [TRACE]   [OmnipathR] Reading JSON from `/nemo/homefs/home/zanettc/.cache/OmnipathR/cache.json` (encoding: UTF-8).
[2026-03-13 15:41:39] [TRACE]   [OmnipathR] JSON validation successful: TRUE
[2026-03-13 15:41:39] [INFO]    [OmnipathR] Cache item `8262325d1082f91a3bcb8b574ccb8cf40988baec` version 1: status changed from `started` to `ready`.
[2026-03-13 15:41:39] [SUCCESS] [OmnipathR] Downloaded 15663 intercellular communication role records.
[2026-03-13 15:41:39] [TRACE]   [OmnipathR] Organism(s): 9606
[2026-03-13 15:41:39] [TRACE]   [OmnipathR] Orthology targets: 
[2026-03-13 15:41:39] [TRACE]   [OmnipathR] Looking up in cache: `https://omnipathdb.org/intercell?scope=generic&categories=receptor&causality=rec&license=academic`
[2026-03-13 15:41:39] [INFO]    [OmnipathR] Cache record does not exist: `https://omnipathdb.org/intercell?scope=generic&categories=receptor&causality=rec&license=academic`
[2026-03-13 15:41:39] [TRACE]   [OmnipathR] Looking up in cache: `http://no-tls.omnipathdb.org/intercell?scope=generic&categories=receptor&causality=rec&license=academic`
[2026-03-13 15:41:39] [INFO]    [OmnipathR] Cache record does not exist: `http://no-tls.omnipathdb.org/intercell?scope=generic&categories=receptor&causality=rec&license=academic`
[2026-03-13 15:41:39] [TRACE]   [OmnipathR] Attempting `https://omnipathdb.org/intercell?scope=generic&categories=receptor&causality=rec&license=academic`
[2026-03-13 15:41:39] [INFO]    [OmnipathR] Retrieving URL: `https://omnipathdb.org/intercell?scope=generic&categories=receptor&causality=rec&license=academic`
[2026-03-13 15:41:39] [TRACE]   [OmnipathR] Attempt 1/3: `https://omnipathdb.org/intercell?scope=generic&categories=receptor&causality=rec&license=academic`
[2026-03-13 15:41:39] [TRACE]   [OmnipathR] HTTP request by `omnipath_curl`.
[2026-03-13 15:41:39] [TRACE]   [OmnipathR] Curl options: [connecttimeout=10,timeout=300,debugfunction=<function>,verbose=FALSE,tcp_keepalive=TRUE,tcp_keepintvl=10,tcp_keepidle=10,tcp_keepcnt=13,upkeep_interval_ms=30000,ssl_verifypeer=1,ssl_verifyhost=2]
[2026-03-13 15:41:39] [TRACE]   [OmnipathR] HTTP v1 GET: status 200.
[2026-03-13 15:41:39] [TRACE]   [OmnipathR] Downloaded 15.7 Kb in 0.029211s from omnipathdb.org (537.5 Kb/s); Redirect: 0s, DNS look up: 0.000697s, Connection: 0.003751s, Pretransfer: 0.012703s, First byte at: 0.028841s
[2026-03-13 15:41:39] [TRACE]   [OmnipathR] HTTP headers: HTTP/1.1 200 OK; Server: nginx; Date: Fri, 13 Mar 2026 15:41:39 GMT; Content-Type: text/plain; charset=utf-8; Transfer-Encoding: chunked; Connection: keep-alive; Expires: Fri, 13 Mar 2026 16:41:39 GMT; Cache-Control: max-age=3600; X-Frame-Options: DENY; X-Cache-Status: HIT; Content-Encoding: gzip
[2026-03-13 15:41:42] [INFO]    [OmnipathR] Successfully retrieved: `https://omnipathdb.org/intercell?scope=generic&categories=receptor&causality=rec&license=academic`
[2026-03-13 15:41:42] [TRACE]   [OmnipathR] Reading JSON from `/nemo/homefs/home/zanettc/.cache/OmnipathR/cache.json` (encoding: UTF-8).
[2026-03-13 15:41:42] [TRACE]   [OmnipathR] JSON validation successful: TRUE
[2026-03-13 15:41:42] [TRACE]   [OmnipathR] Reading JSON from `/nemo/homefs/home/zanettc/.cache/OmnipathR/cache.json` (encoding: UTF-8).
[2026-03-13 15:41:42] [TRACE]   [OmnipathR] JSON validation successful: TRUE
[2026-03-13 15:41:42] [INFO]    [OmnipathR] Cache item `d12869c48ea48450322c9b8a7e21f3ca4902604e` version 1: status changed from `unknown` to `started`.
[2026-03-13 15:41:42] [TRACE]   [OmnipathR] Exporting object to RDS: `/nemo/homefs/home/zanettc/.cache/OmnipathR/d12869c48ea48450322c9b8a7e21f3ca4902604e-1.rds`.
[2026-03-13 15:41:42] [TRACE]   [OmnipathR] Exported RDS to `/nemo/homefs/home/zanettc/.cache/OmnipathR/d12869c48ea48450322c9b8a7e21f3ca4902604e-1.rds`.
[2026-03-13 15:41:42] [INFO]    [OmnipathR] Download ready [key=d12869c48ea48450322c9b8a7e21f3ca4902604e, version=1]
[2026-03-13 15:41:42] [TRACE]   [OmnipathR] Reading JSON from `/nemo/homefs/home/zanettc/.cache/OmnipathR/cache.json` (encoding: UTF-8).
[2026-03-13 15:41:42] [TRACE]   [OmnipathR] JSON validation successful: TRUE
[2026-03-13 15:41:42] [INFO]    [OmnipathR] Cache item `d12869c48ea48450322c9b8a7e21f3ca4902604e` version 1: status changed from `started` to `ready`.
[2026-03-13 15:41:42] [SUCCESS] [OmnipathR] Downloaded 35316 intercellular communication role records.
[2026-03-13 17:09:30] [TRACE]   [OmnipathR] Organism(s): 9606
[2026-03-13 17:09:30] [TRACE]   [OmnipathR] Orthology targets: 
[2026-03-13 17:09:30] [TRACE]   [OmnipathR] Looking up in cache: `https://omnipathdb.org/interactions?genesymbols=yes&datasets=omnipath,pathwayextra,kinaseextra,ligrecextra&organisms=9606&fields=datasets,sources,references,curation_effort&license=academic`
[2026-03-13 17:09:30] [TRACE]   [OmnipathR] Loaded data from RDS `/nemo/homefs/home/zanettc/.cache/OmnipathR/3098404926bc0cf155d043ff0c6efe64e3424b74-1.rds`.
[2026-03-13 17:09:30] [INFO]    [OmnipathR] Loaded from cache: `https://omnipathdb.org/interactions?genesymbols=yes&datasets=omnipath,pathwayextra,kinaseextra,ligrecextra&organisms=9606&fields=datasets,sources,references,curation_effort&license=academic`
[2026-03-13 17:09:34] [SUCCESS] [OmnipathR] Loaded 139054 interactions from cache.
[2026-03-13 17:09:34] [TRACE]   [OmnipathR] Organism(s): 9606
[2026-03-13 17:09:34] [TRACE]   [OmnipathR] Orthology targets: 
[2026-03-13 17:09:34] [TRACE]   [OmnipathR] Looking up in cache: `https://omnipathdb.org/intercell?scope=generic&categories=ligand&causality=trans&license=academic`
[2026-03-13 17:09:34] [TRACE]   [OmnipathR] Loaded data from RDS `/nemo/homefs/home/zanettc/.cache/OmnipathR/8262325d1082f91a3bcb8b574ccb8cf40988baec-1.rds`.
[2026-03-13 17:09:34] [INFO]    [OmnipathR] Loaded from cache: `https://omnipathdb.org/intercell?scope=generic&categories=ligand&causality=trans&license=academic`
[2026-03-13 17:09:34] [SUCCESS] [OmnipathR] Loaded 15663 intercellular communication role records from cache.
[2026-03-13 17:09:34] [TRACE]   [OmnipathR] Organism(s): 9606
[2026-03-13 17:09:34] [TRACE]   [OmnipathR] Orthology targets: 
[2026-03-13 17:09:34] [TRACE]   [OmnipathR] Looking up in cache: `https://omnipathdb.org/intercell?scope=generic&categories=receptor&causality=rec&license=academic`
[2026-03-13 17:09:34] [TRACE]   [OmnipathR] Loaded data from RDS `/nemo/homefs/home/zanettc/.cache/OmnipathR/d12869c48ea48450322c9b8a7e21f3ca4902604e-1.rds`.
[2026-03-13 17:09:34] [INFO]    [OmnipathR] Loaded from cache: `https://omnipathdb.org/intercell?scope=generic&categories=receptor&causality=rec&license=academic`
[2026-03-13 17:09:34] [SUCCESS] [OmnipathR] Loaded 35316 intercellular communication role records from cache.
[2026-03-13 17:10:39] [TRACE]   [OmnipathR] Organism(s): 9606
[2026-03-13 17:10:39] [TRACE]   [OmnipathR] Orthology targets: 
[2026-03-13 17:10:39] [TRACE]   [OmnipathR] Looking up in cache: `https://omnipathdb.org/interactions?genesymbols=yes&datasets=omnipath,pathwayextra,kinaseextra,ligrecextra&organisms=9606&fields=datasets,sources,references,curation_effort&license=academic`
[2026-03-13 17:10:39] [TRACE]   [OmnipathR] Loaded data from RDS `/nemo/homefs/home/zanettc/.cache/OmnipathR/3098404926bc0cf155d043ff0c6efe64e3424b74-1.rds`.
[2026-03-13 17:10:39] [INFO]    [OmnipathR] Loaded from cache: `https://omnipathdb.org/interactions?genesymbols=yes&datasets=omnipath,pathwayextra,kinaseextra,ligrecextra&organisms=9606&fields=datasets,sources,references,curation_effort&license=academic`
[2026-03-13 17:10:42] [SUCCESS] [OmnipathR] Loaded 139054 interactions from cache.
[2026-03-13 17:10:42] [TRACE]   [OmnipathR] Organism(s): 9606
[2026-03-13 17:10:42] [TRACE]   [OmnipathR] Orthology targets: 
[2026-03-13 17:10:42] [TRACE]   [OmnipathR] Looking up in cache: `https://omnipathdb.org/intercell?scope=generic&categories=ligand&causality=trans&license=academic`
[2026-03-13 17:10:42] [TRACE]   [OmnipathR] Loaded data from RDS `/nemo/homefs/home/zanettc/.cache/OmnipathR/8262325d1082f91a3bcb8b574ccb8cf40988baec-1.rds`.
[2026-03-13 17:10:42] [INFO]    [OmnipathR] Loaded from cache: `https://omnipathdb.org/intercell?scope=generic&categories=ligand&causality=trans&license=academic`
[2026-03-13 17:10:42] [SUCCESS] [OmnipathR] Loaded 15663 intercellular communication role records from cache.
[2026-03-13 17:10:42] [TRACE]   [OmnipathR] Organism(s): 9606
[2026-03-13 17:10:42] [TRACE]   [OmnipathR] Orthology targets: 
[2026-03-13 17:10:42] [TRACE]   [OmnipathR] Looking up in cache: `https://omnipathdb.org/intercell?scope=generic&categories=receptor&causality=rec&license=academic`
[2026-03-13 17:10:42] [TRACE]   [OmnipathR] Loaded data from RDS `/nemo/homefs/home/zanettc/.cache/OmnipathR/d12869c48ea48450322c9b8a7e21f3ca4902604e-1.rds`.
[2026-03-13 17:10:42] [INFO]    [OmnipathR] Loaded from cache: `https://omnipathdb.org/intercell?scope=generic&categories=receptor&causality=rec&license=academic`
[2026-03-13 17:10:42] [SUCCESS] [OmnipathR] Loaded 35316 intercellular communication role records from cache.
[2026-03-13 17:22:04] [TRACE]   [OmnipathR] Organism(s): 9606
[2026-03-13 17:22:04] [TRACE]   [OmnipathR] Orthology targets: 
[2026-03-13 17:22:04] [TRACE]   [OmnipathR] Looking up in cache: `https://omnipathdb.org/interactions?genesymbols=yes&datasets=omnipath,pathwayextra,kinaseextra,ligrecextra&organisms=9606&fields=datasets,sources,references,curation_effort&license=academic`
[2026-03-13 17:22:05] [TRACE]   [OmnipathR] Loaded data from RDS `/nemo/homefs/home/zanettc/.cache/OmnipathR/3098404926bc0cf155d043ff0c6efe64e3424b74-1.rds`.
[2026-03-13 17:22:05] [INFO]    [OmnipathR] Loaded from cache: `https://omnipathdb.org/interactions?genesymbols=yes&datasets=omnipath,pathwayextra,kinaseextra,ligrecextra&organisms=9606&fields=datasets,sources,references,curation_effort&license=academic`
[2026-03-13 17:22:08] [SUCCESS] [OmnipathR] Loaded 139054 interactions from cache.
[2026-03-13 17:22:08] [TRACE]   [OmnipathR] Organism(s): 9606
[2026-03-13 17:22:08] [TRACE]   [OmnipathR] Orthology targets: 
[2026-03-13 17:22:08] [TRACE]   [OmnipathR] Looking up in cache: `https://omnipathdb.org/intercell?scope=generic&categories=ligand&causality=trans&license=academic`
[2026-03-13 17:22:08] [TRACE]   [OmnipathR] Loaded data from RDS `/nemo/homefs/home/zanettc/.cache/OmnipathR/8262325d1082f91a3bcb8b574ccb8cf40988baec-1.rds`.
[2026-03-13 17:22:08] [INFO]    [OmnipathR] Loaded from cache: `https://omnipathdb.org/intercell?scope=generic&categories=ligand&causality=trans&license=academic`
[2026-03-13 17:22:08] [SUCCESS] [OmnipathR] Loaded 15663 intercellular communication role records from cache.
[2026-03-13 17:22:08] [TRACE]   [OmnipathR] Organism(s): 9606
[2026-03-13 17:22:08] [TRACE]   [OmnipathR] Orthology targets: 
[2026-03-13 17:22:08] [TRACE]   [OmnipathR] Looking up in cache: `https://omnipathdb.org/intercell?scope=generic&categories=receptor&causality=rec&license=academic`
[2026-03-13 17:22:08] [TRACE]   [OmnipathR] Loaded data from RDS `/nemo/homefs/home/zanettc/.cache/OmnipathR/d12869c48ea48450322c9b8a7e21f3ca4902604e-1.rds`.
[2026-03-13 17:22:08] [INFO]    [OmnipathR] Loaded from cache: `https://omnipathdb.org/intercell?scope=generic&categories=receptor&causality=rec&license=academic`
[2026-03-13 17:22:08] [SUCCESS] [OmnipathR] Loaded 35316 intercellular communication role records from cache.
